<?xml version="1.0" encoding="UTF-8"?>
<testsuite name="com.stromity.yakes.tests.StrictSingleKeyKeyboardListenerTestCases" tests="1" skipped="0" failures="0" errors="0" timestamp="2021-05-30T19:50:49" hostname="DESKTOP-KTAE9E0" time="0.013">
  <properties/>
  <testcase name="testStrictSingleKeyKeyboardListener_HandlesKeyPressesCorrectly" classname="com.stromity.yakes.tests.StrictSingleKeyKeyboardListenerTestCases" time="0.013"/>
  <system-out><![CDATA[]]></system-out>
  <system-err><![CDATA[]]></system-err>
</testsuite>
