<?xml version="1.0" encoding="UTF-8"?>
<testsuite name="com.stromity.yakes.tests.AnySingleKeyKeyboardListenerTestCases" tests="1" skipped="0" failures="0" errors="0" timestamp="2021-06-04T21:22:14" hostname="DESKTOP-KTAE9E0" time="0.009">
  <properties/>
  <testcase name="testAnySingleKeyKeyboardListener_HandlesKeyPressesCorrectly" classname="com.stromity.yakes.tests.AnySingleKeyKeyboardListenerTestCases" time="0.009"/>
  <system-out><![CDATA[]]></system-out>
  <system-err><![CDATA[]]></system-err>
</testsuite>
